core   0: 0x00001000 (0x00000297) auipc   x5, 0x0
core   0: 3 0x00001000 (0x00000297) x5  0x00001000
core   1: 0x00001000 (0x00000297) auipc   x5, 0x0
core   1: 3 0x00001000 (0x00000297) x5  0x00001000
core   0: 0x00001004 (0x02028593) addi    x11, x5, 32
core   0: 3 0x00001004 (0x02028593) x11 0x00001020
core   1: 0x00001004 (0x02028593) addi    x11, x5, 32
core   1: 3 0x00001004 (0x02028593) x11 0x00001020
core   0: 0x00001008 (0xf1402573) csrr    x10, mhartid
core   0: 3 0x00001008 (0xf1402573) x10 0x00000000
core   1: 0x00001008 (0xf1402573) csrr    x10, mhartid
core   1: 3 0x00001008 (0xf1402573) x10 0x00000001
core   0: 0x0000100c (0x0182a283) lw      x5, 24(x5)
core   0: 3 0x0000100c (0x0182a283) x5  0x80000000 mem 0x00001018
core   1: 0x0000100c (0x0182a283) lw      x5, 24(x5)
core   1: 3 0x0000100c (0x0182a283) x5  0x80000000 mem 0x00001018
core   0: 0x00001010 (0x00028067) jr      x5
core   0: 3 0x00001010 (0x00028067)
core   1: 0x00001010 (0x00028067) jr      x5
core   1: 3 0x00001010 (0x00028067)
core   0: 0x80000000 (0x00004197) auipc   x3, 0x4
core   0: 3 0x80000000 (0x00004197) x3  0x80004000
core   1: 0x80000000 (0x00004197) auipc   x3, 0x4
core   1: 3 0x80000000 (0x00004197) x3  0x80004000
core   0: 0x80000004 (0x80818193) addi    x3, x3, -2040
core   0: 3 0x80000004 (0x80818193) x3  0x80003808
core   1: 0x80000004 (0x80818193) addi    x3, x3, -2040
core   1: 3 0x80000004 (0x80818193) x3  0x80003808
core   0: 0x80000008 (0x02000e93) li      x29, 32
core   0: 3 0x80000008 (0x02000e93) x29 0x00000020
core   1: 0x80000008 (0x02000e93) li      x29, 32
core   1: 3 0x80000008 (0x02000e93) x29 0x00000020
core   0: 0x8000000c (0x0d0efed7) vsetvli x29, x29, e32, m1, ta, ma
core   0: 3 0x8000000c (0x0d0efed7) x29 0x00000008 c8_vstart 0x00000000 c3104_vl 0x00000008 c3105_vtype 0x000000d0 c768_mstatus 0x80000600
core   1: 0x8000000c (0x0d0efed7) vsetvli x29, x29, e32, m1, ta, ma
core   1: 3 0x8000000c (0x0d0efed7) x29 0x00000008 c8_vstart 0x00000000 c3104_vl 0x00000008 c3105_vtype 0x000000d0 c768_mstatus 0x80000600
core   0: 0x80000010 (0x00002eb7) lui     x29, 0x2
core   0: 3 0x80000010 (0x00002eb7) x29 0x00002000
core   1: 0x80000010 (0x00002eb7) lui     x29, 0x2
core   1: 3 0x80000010 (0x00002eb7) x29 0x00002000
core   0: 0x80000014 (0x300eaef3) csrrs   x29, mstatus, x29
core   0: 3 0x80000014 (0x300eaef3) x29 0x80000600 c768_mstatus 0x80006600
core   1: 0x80000014 (0x300eaef3) csrrs   x29, mstatus, x29
core   1: 3 0x80000014 (0x300eaef3) x29 0x80000600 c768_mstatus 0x80006600
core   0: 0x80000018 (0x00000e93) li      x29, 0
core   0: 3 0x80000018 (0x00000e93) x29 0x00000000
core   1: 0x80000018 (0x00000e93) li      x29, 0
core   1: 3 0x80000018 (0x00000e93) x29 0x00000000
core   0: 0x8000001c (0x80502373) csrr    x6, wid
core   0: 3 0x8000001c (0x80502373) x6  0x00000000
core   1: 0x8000001c (0x80502373) csrr    x6, wid
core   1: 3 0x8000001c (0x80502373) x6  0x00000001
core   0: 0x80000020 (0x806023f3) csrr    x7, lds
core   0: 3 0x80000020 (0x806023f3) x7  0x70000000
core   1: 0x80000020 (0x806023f3) csrr    x7, lds
core   1: 3 0x80000020 (0x806023f3) x7  0x70000000
core   0: 0x80000024 (0x40000e13) li      x28, 1024
core   0: 3 0x80000024 (0x40000e13) x28 0x00000400
core   1: 0x80000024 (0x40000e13) li      x28, 1024
core   1: 3 0x80000024 (0x40000e13) x28 0x00000400
core   0: 0x80000028 (0x03c30333) mul     x6, x6, x28
core   0: 3 0x80000028 (0x03c30333) x6  0x00000000
core   1: 0x80000028 (0x03c30333) mul     x6, x6, x28
core   1: 3 0x80000028 (0x03c30333) x6  0x00000400
core   0: 0x8000002c (0x03c30333) mul     x6, x6, x28
core   0: 3 0x8000002c (0x03c30333) x6  0x00000000
core   1: 0x8000002c (0x03c30333) mul     x6, x6, x28
core   1: 3 0x8000002c (0x03c30333) x6  0x00100000
core   0: 0x80000030 (0x00730133) add     x2, x6, x7
core   0: 3 0x80000030 (0x00730133) x2  0x70000000
core   1: 0x80000030 (0x00730133) add     x2, x6, x7
core   1: 3 0x80000030 (0x00730133) x2  0x70100000
core   0: 0x80000034 (0x00000213) li      x4, 0
core   0: 3 0x80000034 (0x00000213) x4  0x00000000
core   1: 0x80000034 (0x00000213) li      x4, 0
core   1: 3 0x80000034 (0x00000213) x4  0x00000000
core   0: 0x80000038 (0x00003517) auipc   x10, 0x3
core   0: 3 0x80000038 (0x00003517) x10 0x80003038
core   1: 0x80000038 (0x00003517) auipc   x10, 0x3
core   1: 3 0x80000038 (0x00003517) x10 0x80003038
core   0: 0x8000003c (0xfd050513) addi    x10, x10, -48
core   0: 3 0x8000003c (0xfd050513) x10 0x80003008
core   1: 0x8000003c (0xfd050513) addi    x10, x10, -48
core   1: 3 0x8000003c (0xfd050513) x10 0x80003008
core   0: 0x80000040 (0x00003617) auipc   x12, 0x3
core   0: 3 0x80000040 (0x00003617) x12 0x80003040
core   1: 0x80000040 (0x00003617) auipc   x12, 0x3
core   1: 3 0x80000040 (0x00003617) x12 0x80003040
core   0: 0x80000044 (0xfc860613) addi    x12, x12, -56
core   0: 3 0x80000044 (0xfc860613) x12 0x80003008
core   1: 0x80000044 (0xfc860613) addi    x12, x12, -56
core   1: 3 0x80000044 (0xfc860613) x12 0x80003008
core   0: 0x80000048 (0x00c50863) beq     x10, x12, pc + 16
core   0: 3 0x80000048 (0x00c50863)
core   1: 0x80000048 (0x00c50863) beq     x10, x12, pc + 16
core   1: 3 0x80000048 (0x00c50863)
core   0: 0x80000058 (0x803022f3) csrr    x5, knl
core   0: 3 0x80000058 (0x803022f3) x5  0x90056000
core   1: 0x80000058 (0x803022f3) csrr    x5, knl
core   1: 3 0x80000058 (0x803022f3) x5  0x90056000
core   0: 0x8000005c (0x0002a303) lw      x6, 0(x5)
core   0: 3 0x8000005c (0x0002a303) x6  0x80000160 mem 0x90056000
core   1: 0x8000005c (0x0002a303) lw      x6, 0(x5)
core   1: 3 0x8000005c (0x0002a303) x6  0x80000160 mem 0x90056000
core   0: 0x80000060 (0x0042a503) lw      x10, 4(x5)
core   0: 3 0x80000060 (0x0042a503) x10 0x90045000 mem 0x90056004
core   1: 0x80000060 (0x0042a503) lw      x10, 4(x5)
core   1: 3 0x80000060 (0x0042a503) x10 0x90045000 mem 0x90056004
core   0: 0x80000064 (0x0302a383) lw      x7, 48(x5)
core   0: 3 0x80000064 (0x0302a383) x7  0x00000000 mem 0x90056030
core   1: 0x80000064 (0x0302a383) lw      x7, 48(x5)
core   1: 3 0x80000064 (0x0302a383) x7  0x00000000 mem 0x90056030
core   0: 0x80000068 (0x0342ae03) lw      x28, 52(x5)
core   0: 3 0x80000068 (0x0342ae03) x28 0x00000000 mem 0x90056034
core   1: 0x80000068 (0x0342ae03) lw      x28, 52(x5)
core   1: 3 0x80000068 (0x0342ae03) x28 0x00000000 mem 0x90056034
core   0: 0x8000006c (0x00003e97) auipc   x29, 0x3
core   0: 3 0x8000006c (0x00003e97) x29 0x8000306c
core   1: 0x8000006c (0x00003e97) auipc   x29, 0x3
core   1: 3 0x8000006c (0x00003e97) x29 0x8000306c
core   0: 0x80000070 (0xf94e8e93) addi    x29, x29, -108
core   0: 3 0x80000070 (0xf94e8e93) x29 0x80003000
core   1: 0x80000070 (0xf94e8e93) addi    x29, x29, -108
core   1: 3 0x80000070 (0xf94e8e93) x29 0x80003000
core   0: 0x80000074 (0x00003f17) auipc   x30, 0x3
core   0: 3 0x80000074 (0x00003f17) x30 0x80003074
core   1: 0x80000074 (0x00003f17) auipc   x30, 0x3
core   1: 3 0x80000074 (0x00003f17) x30 0x80003074
core   0: 0x80000078 (0xf90f0f13) addi    x30, x30, -112
core   0: 3 0x80000078 (0xf90f0f13) x30 0x80003004
core   1: 0x80000078 (0xf90f0f13) addi    x30, x30, -112
core   1: 3 0x80000078 (0xf90f0f13) x30 0x80003004
core   0: 0x8000007c (0x007ea023) sw      x7, 0(x29)
core   0: 3 0x8000007c (0x007ea023) mem 0x80003000 0x00000000
core   1: 0x8000007c (0x007ea023) sw      x7, 0(x29)
core   1: 3 0x8000007c (0x007ea023) mem 0x80003000 0x00000000
core   0: 0x80000080 (0x01cf2023) sw      x28, 0(x30)
core   0: 3 0x80000080 (0x01cf2023) mem 0x80003004 0x00000000
core   1: 0x80000080 (0x01cf2023) sw      x28, 0(x30)
core   1: 3 0x80000080 (0x01cf2023) mem 0x80003004 0x00000000
core   0: 0x80000084 (0x00000f97) auipc   x31, 0x0
core   0: 3 0x80000084 (0x00000f97) x31 0x80000084
core   1: 0x80000084 (0x00000f97) auipc   x31, 0x0
core   1: 3 0x80000084 (0x00000f97) x31 0x80000084
core   0: 0x80000088 (0x018f8f93) addi    x31, x31, 24
core   0: 3 0x80000088 (0x018f8f93) x31 0x8000009c
core   1: 0x80000088 (0x018f8f93) addi    x31, x31, 24
core   1: 3 0x80000088 (0x018f8f93) x31 0x8000009c
core   0: 0x8000008c (0x305f9073) csrw    mtvec, x31
core   0: 3 0x8000008c (0x305f9073) c773_mtvec 0x8000009c
core   1: 0x8000008c (0x305f9073) csrw    mtvec, x31
core   1: 3 0x8000008c (0x305f9073) c773_mtvec 0x8000009c
core   0: 0x80000090 (0x000300e7) jalr    x6
core   0: 3 0x80000090 (0x000300e7) x1  0x80000094
core   1: 0x80000090 (0x000300e7) jalr    x6
core   1: 3 0x80000090 (0x000300e7) x1  0x80000094
core   0: 0x80000160 (0x01010113) addi    x2, x2, 16
core   0: 3 0x80000160 (0x01010113) x2  0x70000010
core   1: 0x80000160 (0x01010113) addi    x2, x2, 16
core   1: 3 0x80000160 (0x01010113) x2  0x70100010
core   0: 0x80000164 (0x00420213) addi    x4, x4, 4
core   0: 3 0x80000164 (0x00420213) x4  0x00000004
core   1: 0x80000164 (0x00420213) addi    x4, x4, 4
core   1: 3 0x80000164 (0x00420213) x4  0x00000004
core   0: 0x80000168 (0x0010200b) regext  x0, x0,  0 0 0 1 
core   0: 3 0x80000168 (0x0010200b)
core   1: 0x80000168 (0x0010200b) regext  x0, x0,  0 0 0 1 
core   1: 3 0x80000168 (0x0010200b)
core   0: 0x8000016c (0x5e024057) vmv.v.x v0, x4
core   0: 3 0x8000016c (0x5e024057) c8_vstart 0x00000000 e32 m1 l8 v32 000000ff 0x00000004 00000004 00000004 00000004 00000004 00000004 00000004 00000004 
core   1: 0x8000016c (0x5e024057) vmv.v.x v0, x4
core   1: 3 0x8000016c (0x5e024057) c8_vstart 0x00000000 e32 m1 l8 v32 000000ff 0x00000004 00000004 00000004 00000004 00000004 00000004 00000004 00000004 
core   0: 0x80000170 (0xfe112823) sw      x1, -16(x2)
core   0: 3 0x80000170 (0xfe112823) mem 0x70000000 0x80000094
core   1: 0x80000170 (0xfe112823) sw      x1, -16(x2)
core   1: 3 0x80000170 (0xfe112823) mem 0x70100000 0x80000094
core   0: 0x80000174 (0x0480200b) regext  x0, x0,  0 1 1 0 
core   0: 3 0x80000174 (0x0480200b)
core   1: 0x80000174 (0x0480200b) regext  x0, x0,  0 1 1 0 
core   1: 3 0x80000174 (0x0480200b)
core   0: 0x80000178 (0xfe102e2b) vsw.v   v1, x0, -4
core   0: 3 0x80000178 (0xfe102e2b) c8_vstart 0x00000000 mem 0x90046000 0x00000000 mem 0x90046004 0x00000000 mem 0x90046008 0x00000000 mem 0x9004600c 0x00000000 mem 0x90046010 0x00000000 mem 0x90046014 0x00000000 mem 0x90046018 0x00000000 mem 0x9004601c 0x00000000
core   1: 0x80000178 (0xfe102e2b) vsw.v   v1, x0, -4
core   1: 3 0x80000178 (0xfe102e2b) c8_vstart 0x00000000 mem 0x90046020 0x00000000 mem 0x90046024 0x00000000 mem 0x90046028 0x00000000 mem 0x9004602c 0x00000000 mem 0x90046030 0x00000000 mem 0x90046034 0x00000000 mem 0x90046038 0x00000000 mem 0x9004603c 0x00000000
core   0: 0x8000017c (0x00c52283) lw      x5, 12(x10)
core   0: 3 0x8000017c (0x00c52283) x5  0x00000004 mem 0x9004500c
core   1: 0x8000017c (0x00c52283) lw      x5, 12(x10)
core   1: 3 0x8000017c (0x00c52283) x5  0x00000004 mem 0x9004500c
core   0: 0x80000180 (0xfe512e23) sw      x5, -4(x2)
core   0: 3 0x80000180 (0xfe512e23) mem 0x7000000c 0x00000004
core   1: 0x80000180 (0xfe512e23) sw      x5, -4(x2)
core   1: 3 0x80000180 (0xfe512e23) mem 0x7010000c 0x00000004
core   0: 0x80000184 (0xfea12a23) sw      x10, -12(x2)
core   0: 3 0x80000184 (0xfea12a23) mem 0x70000004 0x90045000
core   1: 0x80000184 (0xfea12a23) sw      x10, -12(x2)
core   1: 3 0x80000184 (0xfea12a23) mem 0x70100004 0x90045000
core   0: 0x80000188 (0x01052283) lw      x5, 16(x10)
core   0: 3 0x80000188 (0x01052283) x5  0x00000002 mem 0x90045010
core   1: 0x80000188 (0x01052283) lw      x5, 16(x10)
core   1: 3 0x80000188 (0x01052283) x5  0x00000002 mem 0x90045010
core   0: 0x8000018c (0xfe512c23) sw      x5, -8(x2)
core   0: 3 0x8000018c (0xfe512c23) mem 0x70000008 0x00000002
core   1: 0x8000018c (0xfe512c23) sw      x5, -8(x2)
core   1: 3 0x8000018c (0xfe512c23) mem 0x70100008 0x00000002
core   0: 0x80000190 (0x5e004057) vmv.v.x v0, x0
core   0: 3 0x80000190 (0x5e004057) c8_vstart 0x00000000 e32 m1 l8 v0  000000ff 0x00000000 00000000 00000000 00000000 00000000 00000000 00000000 00000000 
core   1: 0x80000190 (0x5e004057) vmv.v.x v0, x0
core   1: 3 0x80000190 (0x5e004057) c8_vstart 0x00000000 e32 m1 l8 v0  000000ff 0x00000000 00000000 00000000 00000000 00000000 00000000 00000000 00000000 
core   0: 0x80000194 (0x124000ef) jal     pc + 0x124
core   0: 3 0x80000194 (0x124000ef) x1  0x80000198
core   1: 0x80000194 (0x124000ef) jal     pc + 0x124
core   1: 3 0x80000194 (0x124000ef) x1  0x80000198
core   0: 0x800002b8 (0x00410113) addi    x2, x2, 4
core   0: 3 0x800002b8 (0x00410113) x2  0x70000014
core   1: 0x800002b8 (0x00410113) addi    x2, x2, 4
core   1: 3 0x800002b8 (0x00410113) x2  0x70100014
core   0: 0x800002bc (0xfe112e23) sw      x1, -4(x2)
core   0: 3 0x800002bc (0xfe112e23) mem 0x70000010 0x80000198
core   1: 0x800002bc (0xfe112e23) sw      x1, -4(x2)
core   1: 3 0x800002bc (0xfe112e23) mem 0x70100010 0x80000198
core   0: 0x800002c0 (0x00200293) li      x5, 2
core   0: 3 0x800002c0 (0x00200293) x5  0x00000002
core   1: 0x800002c0 (0x00200293) li      x5, 2
core   1: 3 0x800002c0 (0x00200293) x5  0x00000002
core   0: 0x800002c4 (0x5e02c0d7) vmv.v.x v1, x5
core   0: 3 0x800002c4 (0x5e02c0d7) c8_vstart 0x00000000 e32 m1 l8 v1  000000ff 0x00000002 00000002 00000002 00000002 00000002 00000002 00000002 00000002 
core   1: 0x800002c4 (0x5e02c0d7) vmv.v.x v1, x5
core   1: 3 0x800002c4 (0x5e02c0d7) c8_vstart 0x00000000 e32 m1 l8 v1  000000ff 0x00000002 00000002 00000002 00000002 00000002 00000002 00000002 00000002 
core   0: 0x800002c8 (0x00000317) auipc   x6, 0x0
core   0: 3 0x800002c8 (0x00000317) x6  0x800002c8
core   1: 0x800002c8 (0x00000317) auipc   x6, 0x0
core   1: 3 0x800002c8 (0x00000317) x6  0x800002c8
core   0: 0x800002cc (0x04c3305b) setrpc  x0, x6, 76
core   0: 3 0x800002cc (0x04c3305b) c2060_rpc 0x80000314 current mask:	000000ff current npc:	00000000 stack size: 0
core   1: 0x800002cc (0x04c3305b) setrpc  x0, x6, 76
core   1: 3 0x800002cc (0x04c3305b) c2060_rpc 0x80000314 current mask:	000000ff current npc:	00000000 stack size: 0
core   0: 0x800002d0 (0x0200885b) vbeq    v0, v1, pc + 48
core   0: 3 0x800002d0 (0x0200885b) c8_vstart 0x00000000 e32 m1 l8 current mask:	000000ff current npc:	800002d4 stack size: 0
core   1: 0x800002d0 (0x0200885b) vbeq    v0, v1, pc + 48
core   1: 3 0x800002d0 (0x0200885b) c8_vstart 0x00000000 e32 m1 l8 current mask:	000000ff current npc:	800002d4 stack size: 0
core   0: 0x800002d4 (0x00100293) li      x5, 1
core   0: 3 0x800002d4 (0x00100293) x5  0x00000001
core   1: 0x800002d4 (0x00100293) li      x5, 1
core   1: 3 0x800002d4 (0x00100293) x5  0x00000001
core   0: 0x800002d8 (0x5e02c0d7) vmv.v.x v1, x5
core   0: 3 0x800002d8 (0x5e02c0d7) c8_vstart 0x00000000 e32 m1 l8 v1  000000ff 0x00000001 00000001 00000001 00000001 00000001 00000001 00000001 00000001 
core   1: 0x800002d8 (0x5e02c0d7) vmv.v.x v1, x5
core   1: 3 0x800002d8 (0x5e02c0d7) c8_vstart 0x00000000 e32 m1 l8 v1  000000ff 0x00000001 00000001 00000001 00000001 00000001 00000001 00000001 00000001 
core   0: 0x800002dc (0x00000317) auipc   x6, 0x0
core   0: 3 0x800002dc (0x00000317) x6  0x800002dc
core   1: 0x800002dc (0x00000317) auipc   x6, 0x0
core   1: 3 0x800002dc (0x00000317) x6  0x800002dc
core   0: 0x800002e0 (0x0383305b) setrpc  x0, x6, 56
core   0: 3 0x800002e0 (0x0383305b) c2060_rpc 0x80000314 current mask:	000000ff current npc:	800002d4 stack size: 0
core   1: 0x800002e0 (0x0383305b) setrpc  x0, x6, 56
core   1: 3 0x800002e0 (0x0383305b) c2060_rpc 0x80000314 current mask:	000000ff current npc:	800002d4 stack size: 0
core   0: 0x800002e4 (0x0200825b) vbeq    v0, v1, pc + 36
core   0: 3 0x800002e4 (0x0200825b) c8_vstart 0x00000000 e32 m1 l8 current mask:	000000ff current npc:	800002e8 stack size: 0
core   1: 0x800002e4 (0x0200825b) vbeq    v0, v1, pc + 36
core   1: 3 0x800002e4 (0x0200825b) c8_vstart 0x00000000 e32 m1 l8 current mask:	000000ff current npc:	800002e8 stack size: 0
core   0: 0x800002e8 (0x5e0040d7) vmv.v.x v1, x0
core   0: 3 0x800002e8 (0x5e0040d7) c8_vstart 0x00000000 e32 m1 l8 v1  000000ff 0x00000000 00000000 00000000 00000000 00000000 00000000 00000000 00000000 
core   1: 0x800002e8 (0x5e0040d7) vmv.v.x v1, x0
core   1: 3 0x800002e8 (0x5e0040d7) c8_vstart 0x00000000 e32 m1 l8 v1  000000ff 0x00000000 00000000 00000000 00000000 00000000 00000000 00000000 00000000 
core   0: 0x800002ec (0x00000317) auipc   x6, 0x0
core   0: 3 0x800002ec (0x00000317) x6  0x800002ec
core   1: 0x800002ec (0x00000317) auipc   x6, 0x0
core   1: 3 0x800002ec (0x00000317) x6  0x800002ec
core   0: 0x800002f0 (0x0283305b) setrpc  x0, x6, 40
core   0: 3 0x800002f0 (0x0283305b) c2060_rpc 0x80000314 current mask:	000000ff current npc:	800002e8 stack size: 0
core   1: 0x800002f0 (0x0283305b) setrpc  x0, x6, 40
core   1: 3 0x800002f0 (0x0283305b) c2060_rpc 0x80000314 current mask:	000000ff current npc:	800002e8 stack size: 0
core   0: 0x800002f4 (0x00009e5b) vbne    v0, v1, pc + 28
core   0: 3 0x800002f4 (0x00009e5b) c8_vstart 0x00000000 e32 m1 l8 current mask:	000000ff current npc:	800002f8 stack size: 0
core   1: 0x800002f4 (0x00009e5b) vbne    v0, v1, pc + 28
core   1: 3 0x800002f4 (0x00009e5b) c8_vstart 0x00000000 e32 m1 l8 current mask:	000000ff current npc:	800002f8 stack size: 0
core   0: 0x800002f8 (0x164000ef) jal     pc + 0x164
core   0: 3 0x800002f8 (0x164000ef) x1  0x800002fc
core   1: 0x800002f8 (0x164000ef) jal     pc + 0x164
core   1: 3 0x800002f8 (0x164000ef) x1  0x800002fc
core   0: 0x8000045c (0x00410113) addi    x2, x2, 4
core   0: 3 0x8000045c (0x00410113) x2  0x70000018
core   1: 0x8000045c (0x00410113) addi    x2, x2, 4
core   1: 3 0x8000045c (0x00410113) x2  0x70100018
core   0: 0x80000460 (0xfe112e23) sw      x1, -4(x2)
core   0: 3 0x80000460 (0xfe112e23) mem 0x70000014 0x800002fc
core   1: 0x80000460 (0xfe112e23) sw      x1, -4(x2)
core   1: 3 0x80000460 (0xfe112e23) mem 0x70100014 0x800002fc
core   0: 0x80000464 (0xf59ff0ef) jal     pc - 0xa8
core   0: 3 0x80000464 (0xf59ff0ef) x1  0x80000468
core   1: 0x80000464 (0xf59ff0ef) jal     pc - 0xa8
core   1: 3 0x80000464 (0xf59ff0ef) x1  0x80000468
core   0: 0x800003bc (0x00410113) addi    x2, x2, 4
core   0: 3 0x800003bc (0x00410113) x2  0x7000001c
core   1: 0x800003bc (0x00410113) addi    x2, x2, 4
core   1: 3 0x800003bc (0x00410113) x2  0x7010001c
core   0: 0x800003c0 (0xfe112e23) sw      x1, -4(x2)
core   0: 3 0x800003c0 (0xfe112e23) mem 0x70000018 0x80000468
core   1: 0x800003c0 (0xfe112e23) sw      x1, -4(x2)
core   1: 3 0x800003c0 (0xfe112e23) mem 0x70100018 0x80000468
core   0: 0x800003c4 (0x80302573) csrr    x10, knl
core   0: 3 0x800003c4 (0x80302573) x10 0x90056000
core   1: 0x800003c4 (0x80302573) csrr    x10, knl
core   1: 3 0x800003c4 (0x80302573) x10 0x90056000
core   0: 0x800003c8 (0x00852283) lw      x5, 8(x10)
core   0: 3 0x800003c8 (0x00852283) x5  0x00000002 mem 0x90056008
core   1: 0x800003c8 (0x00852283) lw      x5, 8(x10)
core   1: 3 0x800003c8 (0x00852283) x5  0x00000002 mem 0x90056008
core   0: 0x800003cc (0x80002373) csrr    x6, tid
core   0: 3 0x800003cc (0x80002373) x6  0x00000000
core   1: 0x800003cc (0x80002373) csrr    x6, tid
core   1: 3 0x800003cc (0x80002373) x6  0x00000008
core   0: 0x800003d0 (0x5208a157) vid.v   v2
core   0: 3 0x800003d0 (0x5208a157) c8_vstart 0x00000000 e32 m1 l8 v2  000000ff 0x00000007 00000006 00000005 00000004 00000003 00000002 00000001 00000000 
core   1: 0x800003d0 (0x5208a157) vid.v   v2
core   1: 3 0x800003d0 (0x5208a157) c8_vstart 0x00000000 e32 m1 l8 v2  000000ff 0x00000007 00000006 00000005 00000004 00000003 00000002 00000001 00000000 
core   0: 0x800003d4 (0x02234057) vadd.vx v0, v2, x6
core   0: 3 0x800003d4 (0x02234057) c8_vstart 0x00000000 e32 m1 l8 v0  000000ff 0x00000007 00000006 00000005 00000004 00000003 00000002 00000001 00000000 
core   1: 0x800003d4 (0x02234057) vadd.vx v0, v2, x6
core   1: 3 0x800003d4 (0x02234057) c8_vstart 0x00000000 e32 m1 l8 v0  000000ff 0x0000000f 0000000e 0000000d 0000000c 0000000b 0000000a 00000009 00000008 
core   0: 0x800003d8 (0x01852e03) lw      x28, 24(x10)
core   0: 3 0x800003d8 (0x01852e03) x28 0x00000004 mem 0x90056018
core   1: 0x800003d8 (0x01852e03) lw      x28, 24(x10)
core   1: 3 0x800003d8 (0x01852e03) x28 0x00000004 mem 0x90056018
core   0: 0x800003dc (0x8a0e6057) vremu.vx v0, v0, x28
core   0: 3 0x800003dc (0x8a0e6057) c8_vstart 0x00000000 e32 m1 l8 v0  000000ff 0x00000003 00000002 00000001 00000000 00000003 00000002 00000001 00000000 
core   1: 0x800003dc (0x8a0e6057) vremu.vx v0, v0, x28
core   1: 3 0x800003dc (0x8a0e6057) c8_vstart 0x00000000 e32 m1 l8 v0  000000ff 0x00000003 00000002 00000001 00000000 00000003 00000002 00000001 00000000 
core   0: 0x800003e0 (0xffc12083) lw      x1, -4(x2)
core   0: 3 0x800003e0 (0xffc12083) x1  0x80000468 mem 0x70000018
core   1: 0x800003e0 (0xffc12083) lw      x1, -4(x2)
core   1: 3 0x800003e0 (0xffc12083) x1  0x80000468 mem 0x70100018
core   0: 0x800003e4 (0xffc10113) addi    x2, x2, -4
core   0: 3 0x800003e4 (0xffc10113) x2  0x70000018
core   1: 0x800003e4 (0xffc10113) addi    x2, x2, -4
core   1: 3 0x800003e4 (0xffc10113) x2  0x70100018
core   0: 0x800003e8 (0x00008067) ret
core   0: 3 0x800003e8 (0x00008067)
core   1: 0x800003e8 (0x00008067) ret
core   1: 3 0x800003e8 (0x00008067)
core   0: 0x80000468 (0x80302573) csrr    x10, knl
core   0: 3 0x80000468 (0x80302573) x10 0x90056000
core   1: 0x80000468 (0x80302573) csrr    x10, knl
core   1: 3 0x80000468 (0x80302573) x10 0x90056000
core   0: 0x8000046c (0x80802373) csrr    x6, gidx
core   0: 3 0x8000046c (0x80802373) x6  0x00000000
core   1: 0x8000046c (0x80802373) csrr    x6, gidx
core   1: 3 0x8000046c (0x80802373) x6  0x00000000
core   0: 0x80000470 (0x01852e03) lw      x28, 24(x10)
core   0: 3 0x80000470 (0x01852e03) x28 0x00000004 mem 0x90056018
core   1: 0x80000470 (0x01852e03) lw      x28, 24(x10)
core   1: 3 0x80000470 (0x01852e03) x28 0x00000004 mem 0x90056018
core   0: 0x80000474 (0x02452e83) lw      x29, 36(x10)
core   0: 3 0x80000474 (0x02452e83) x29 0x00000000 mem 0x90056024
core   1: 0x80000474 (0x02452e83) lw      x29, 36(x10)
core   1: 3 0x80000474 (0x02452e83) x29 0x00000000 mem 0x90056024
core   0: 0x80000478 (0x03c30fb3) mul     x31, x6, x28
core   0: 3 0x80000478 (0x03c30fb3) x31 0x00000000
core   1: 0x80000478 (0x03c30fb3) mul     x31, x6, x28
core   1: 3 0x80000478 (0x03c30fb3) x31 0x00000000
core   0: 0x8000047c (0x01df8fb3) add     x31, x31, x29
core   0: 3 0x8000047c (0x01df8fb3) x31 0x00000000
core   1: 0x8000047c (0x01df8fb3) add     x31, x31, x29
core   1: 3 0x8000047c (0x01df8fb3) x31 0x00000000
core   0: 0x80000480 (0x020fc057) vadd.vx v0, v0, x31
core   0: 3 0x80000480 (0x020fc057) c8_vstart 0x00000000 e32 m1 l8 v0  000000ff 0x00000003 00000002 00000001 00000000 00000003 00000002 00000001 00000000 
core   1: 0x80000480 (0x020fc057) vadd.vx v0, v0, x31
core   1: 3 0x80000480 (0x020fc057) c8_vstart 0x00000000 e32 m1 l8 v0  000000ff 0x00000003 00000002 00000001 00000000 00000003 00000002 00000001 00000000 
core   0: 0x80000484 (0xffc12083) lw      x1, -4(x2)
core   0: 3 0x80000484 (0xffc12083) x1  0x800002fc mem 0x70000014
core   1: 0x80000484 (0xffc12083) lw      x1, -4(x2)
core   1: 3 0x80000484 (0xffc12083) x1  0x800002fc mem 0x70100014
core   0: 0x80000488 (0xffc10113) addi    x2, x2, -4
core   0: 3 0x80000488 (0xffc10113) x2  0x70000014
core   1: 0x80000488 (0xffc10113) addi    x2, x2, -4
core   1: 3 0x80000488 (0xffc10113) x2  0x70100014
core   0: 0x8000048c (0x00008067) ret
core   0: 3 0x8000048c (0x00008067)
core   1: 0x8000048c (0x00008067) ret
core   1: 3 0x8000048c (0x00008067)
core   0: 0x800002fc (0x0180006f) j       pc + 0x18
core   0: 3 0x800002fc (0x0180006f)
core   1: 0x800002fc (0x0180006f) j       pc + 0x18
core   1: 3 0x800002fc (0x0180006f)
core   0: 0x80000314 (0x0000205b) join    v0, v0, pc + 0
core   0: 3 0x80000314 (0x0000205b) current mask:	000000ff current npc:	800002f8 stack size: 0
core   1: 0x80000314 (0x0000205b) join    v0, v0, pc + 0
core   1: 3 0x80000314 (0x0000205b) current mask:	000000ff current npc:	800002f8 stack size: 0
core   0: 0x80000318 (0xffc12083) lw      x1, -4(x2)
core   0: 3 0x80000318 (0xffc12083) x1  0x80000198 mem 0x70000010
core   1: 0x80000318 (0xffc12083) lw      x1, -4(x2)
core   1: 3 0x80000318 (0xffc12083) x1  0x80000198 mem 0x70100010
core   0: 0x8000031c (0xffc10113) addi    x2, x2, -4
core   0: 3 0x8000031c (0xffc10113) x2  0x70000010
core   1: 0x8000031c (0xffc10113) addi    x2, x2, -4
core   1: 3 0x8000031c (0xffc10113) x2  0x70100010
core   0: 0x80000320 (0x00008067) ret
core   0: 3 0x80000320 (0x00008067)
core   1: 0x80000320 (0x00008067) ret
core   1: 3 0x80000320 (0x00008067)
core   0: 0x80000198 (0x0010200b) regext  x0, x0,  0 0 0 1 
core   0: 3 0x80000198 (0x0010200b)
core   1: 0x80000198 (0x0010200b) regext  x0, x0,  0 0 0 1 
core   1: 3 0x80000198 (0x0010200b)
core   0: 0x8000019c (0x020040d7) vadd.vx v1, v0, x0
core   0: 3 0x8000019c (0x020040d7) c8_vstart 0x00000000 e32 m1 l8 v33 000000ff 0x00000003 00000002 00000001 00000000 00000003 00000002 00000001 00000000 
core   1: 0x8000019c (0x020040d7) vadd.vx v1, v0, x0
core   1: 3 0x8000019c (0x020040d7) c8_vstart 0x00000000 e32 m1 l8 v33 000000ff 0x00000003 00000002 00000001 00000000 00000003 00000002 00000001 00000000 
core   0: 0x800001a0 (0x00100293) li      x5, 1
core   0: 3 0x800001a0 (0x00100293) x5  0x00000001
core   1: 0x800001a0 (0x00100293) li      x5, 1
core   1: 3 0x800001a0 (0x00100293) x5  0x00000001
core   0: 0x800001a4 (0x5e02c057) vmv.v.x v0, x5
core   0: 3 0x800001a4 (0x5e02c057) c8_vstart 0x00000000 e32 m1 l8 v0  000000ff 0x00000001 00000001 00000001 00000001 00000001 00000001 00000001 00000001 
core   1: 0x800001a4 (0x5e02c057) vmv.v.x v0, x5
core   1: 3 0x800001a4 (0x5e02c057) c8_vstart 0x00000000 e32 m1 l8 v0  000000ff 0x00000001 00000001 00000001 00000001 00000001 00000001 00000001 00000001 
core   0: 0x800001a8 (0x110000ef) jal     pc + 0x110
core   0: 3 0x800001a8 (0x110000ef) x1  0x800001ac
core   1: 0x800001a8 (0x110000ef) jal     pc + 0x110
core   1: 3 0x800001a8 (0x110000ef) x1  0x800001ac
core   0: 0x800002b8 (0x00410113) addi    x2, x2, 4
core   0: 3 0x800002b8 (0x00410113) x2  0x70000014
core   1: 0x800002b8 (0x00410113) addi    x2, x2, 4
core   1: 3 0x800002b8 (0x00410113) x2  0x70100014
core   0: 0x800002bc (0xfe112e23) sw      x1, -4(x2)
core   0: 3 0x800002bc (0xfe112e23) mem 0x70000010 0x800001ac
core   1: 0x800002bc (0xfe112e23) sw      x1, -4(x2)
core   1: 3 0x800002bc (0xfe112e23) mem 0x70100010 0x800001ac
core   0: 0x800002c0 (0x00200293) li      x5, 2
core   0: 3 0x800002c0 (0x00200293) x5  0x00000002
core   1: 0x800002c0 (0x00200293) li      x5, 2
core   1: 3 0x800002c0 (0x00200293) x5  0x00000002
core   0: 0x800002c4 (0x5e02c0d7) vmv.v.x v1, x5
core   0: 3 0x800002c4 (0x5e02c0d7) c8_vstart 0x00000000 e32 m1 l8 v1  000000ff 0x00000002 00000002 00000002 00000002 00000002 00000002 00000002 00000002 
core   1: 0x800002c4 (0x5e02c0d7) vmv.v.x v1, x5
core   1: 3 0x800002c4 (0x5e02c0d7) c8_vstart 0x00000000 e32 m1 l8 v1  000000ff 0x00000002 00000002 00000002 00000002 00000002 00000002 00000002 00000002 
core   0: 0x800002c8 (0x00000317) auipc   x6, 0x0
core   0: 3 0x800002c8 (0x00000317) x6  0x800002c8
core   1: 0x800002c8 (0x00000317) auipc   x6, 0x0
core   1: 3 0x800002c8 (0x00000317) x6  0x800002c8
core   0: 0x800002cc (0x04c3305b) setrpc  x0, x6, 76
core   0: 3 0x800002cc (0x04c3305b) c2060_rpc 0x80000314 current mask:	000000ff current npc:	800002f8 stack size: 0
core   1: 0x800002cc (0x04c3305b) setrpc  x0, x6, 76
core   1: 3 0x800002cc (0x04c3305b) c2060_rpc 0x80000314 current mask:	000000ff current npc:	800002f8 stack size: 0
core   0: 0x800002d0 (0x0200885b) vbeq    v0, v1, pc + 48
core   0: 3 0x800002d0 (0x0200885b) c8_vstart 0x00000000 e32 m1 l8 current mask:	000000ff current npc:	800002d4 stack size: 0
core   1: 0x800002d0 (0x0200885b) vbeq    v0, v1, pc + 48
core   1: 3 0x800002d0 (0x0200885b) c8_vstart 0x00000000 e32 m1 l8 current mask:	000000ff current npc:	800002d4 stack size: 0
core   0: 0x800002d4 (0x00100293) li      x5, 1
core   0: 3 0x800002d4 (0x00100293) x5  0x00000001
core   1: 0x800002d4 (0x00100293) li      x5, 1
core   1: 3 0x800002d4 (0x00100293) x5  0x00000001
core   0: 0x800002d8 (0x5e02c0d7) vmv.v.x v1, x5
core   0: 3 0x800002d8 (0x5e02c0d7) c8_vstart 0x00000000 e32 m1 l8 v1  000000ff 0x00000001 00000001 00000001 00000001 00000001 00000001 00000001 00000001 
core   1: 0x800002d8 (0x5e02c0d7) vmv.v.x v1, x5
core   1: 3 0x800002d8 (0x5e02c0d7) c8_vstart 0x00000000 e32 m1 l8 v1  000000ff 0x00000001 00000001 00000001 00000001 00000001 00000001 00000001 00000001 
core   0: 0x800002dc (0x00000317) auipc   x6, 0x0
core   0: 3 0x800002dc (0x00000317) x6  0x800002dc
core   1: 0x800002dc (0x00000317) auipc   x6, 0x0
core   1: 3 0x800002dc (0x00000317) x6  0x800002dc
core   0: 0x800002e0 (0x0383305b) setrpc  x0, x6, 56
core   0: 3 0x800002e0 (0x0383305b) c2060_rpc 0x80000314 current mask:	000000ff current npc:	800002d4 stack size: 0
core   1: 0x800002e0 (0x0383305b) setrpc  x0, x6, 56
core   1: 3 0x800002e0 (0x0383305b) c2060_rpc 0x80000314 current mask:	000000ff current npc:	800002d4 stack size: 0
core   0: 0x800002e4 (0x0200825b) vbeq    v0, v1, pc + 36
core   0: 3 0x800002e4 (0x0200825b) c8_vstart 0x00000000 e32 m1 l8 current mask:	000000ff current npc:	80000308 stack size: 0
core   1: 0x800002e4 (0x0200825b) vbeq    v0, v1, pc + 36
core   1: 3 0x800002e4 (0x0200825b) c8_vstart 0x00000000 e32 m1 l8 current mask:	000000ff current npc:	80000308 stack size: 0
core   0: 0x80000308 (0x188000ef) jal     pc + 0x188
core   0: 3 0x80000308 (0x188000ef) x1  0x8000030c
core   1: 0x80000308 (0x188000ef) jal     pc + 0x188
core   1: 3 0x80000308 (0x188000ef) x1  0x8000030c
core   0: 0x80000490 (0x00410113) addi    x2, x2, 4
core   0: 3 0x80000490 (0x00410113) x2  0x70000018
core   1: 0x80000490 (0x00410113) addi    x2, x2, 4
core   1: 3 0x80000490 (0x00410113) x2  0x70100018
core   0: 0x80000494 (0xfe112e23) sw      x1, -4(x2)
core   0: 3 0x80000494 (0xfe112e23) mem 0x70000014 0x8000030c
core   1: 0x80000494 (0xfe112e23) sw      x1, -4(x2)
core   1: 3 0x80000494 (0xfe112e23) mem 0x70100014 0x8000030c
core   0: 0x80000498 (0xf55ff0ef) jal     pc - 0xac
core   0: 3 0x80000498 (0xf55ff0ef) x1  0x8000049c
core   1: 0x80000498 (0xf55ff0ef) jal     pc - 0xac
core   1: 3 0x80000498 (0xf55ff0ef) x1  0x8000049c
core   0: 0x800003ec (0x00410113) addi    x2, x2, 4
core   0: 3 0x800003ec (0x00410113) x2  0x7000001c
core   1: 0x800003ec (0x00410113) addi    x2, x2, 4
core   1: 3 0x800003ec (0x00410113) x2  0x7010001c
core   0: 0x800003f0 (0xfe112e23) sw      x1, -4(x2)
core   0: 3 0x800003f0 (0xfe112e23) mem 0x70000018 0x8000049c
core   1: 0x800003f0 (0xfe112e23) sw      x1, -4(x2)
core   1: 3 0x800003f0 (0xfe112e23) mem 0x70100018 0x8000049c
core   0: 0x800003f4 (0x80302573) csrr    x10, knl
core   0: 3 0x800003f4 (0x80302573) x10 0x90056000
core   1: 0x800003f4 (0x80302573) csrr    x10, knl
core   1: 3 0x800003f4 (0x80302573) x10 0x90056000
core   0: 0x800003f8 (0x00852283) lw      x5, 8(x10)
core   0: 3 0x800003f8 (0x00852283) x5  0x00000002 mem 0x90056008
core   1: 0x800003f8 (0x00852283) lw      x5, 8(x10)
core   1: 3 0x800003f8 (0x00852283) x5  0x00000002 mem 0x90056008
core   0: 0x800003fc (0x80002373) csrr    x6, tid
core   0: 3 0x800003fc (0x80002373) x6  0x00000000
core   1: 0x800003fc (0x80002373) csrr    x6, tid
core   1: 3 0x800003fc (0x80002373) x6  0x00000008
core   0: 0x80000400 (0x5208a157) vid.v   v2
core   0: 3 0x80000400 (0x5208a157) c8_vstart 0x00000000 e32 m1 l8 v2  000000ff 0x00000007 00000006 00000005 00000004 00000003 00000002 00000001 00000000 
core   1: 0x80000400 (0x5208a157) vid.v   v2
core   1: 3 0x80000400 (0x5208a157) c8_vstart 0x00000000 e32 m1 l8 v2  000000ff 0x00000007 00000006 00000005 00000004 00000003 00000002 00000001 00000000 
core   0: 0x80000404 (0x02234057) vadd.vx v0, v2, x6
core   0: 3 0x80000404 (0x02234057) c8_vstart 0x00000000 e32 m1 l8 v0  000000ff 0x00000007 00000006 00000005 00000004 00000003 00000002 00000001 00000000 
core   1: 0x80000404 (0x02234057) vadd.vx v0, v2, x6
core   1: 3 0x80000404 (0x02234057) c8_vstart 0x00000000 e32 m1 l8 v0  000000ff 0x0000000f 0000000e 0000000d 0000000c 0000000b 0000000a 00000009 00000008 
core   0: 0x80000408 (0x01852e03) lw      x28, 24(x10)
core   0: 3 0x80000408 (0x01852e03) x28 0x00000004 mem 0x90056018
core   1: 0x80000408 (0x01852e03) lw      x28, 24(x10)
core   1: 3 0x80000408 (0x01852e03) x28 0x00000004 mem 0x90056018
core   0: 0x8000040c (0x01c52e83) lw      x29, 28(x10)
core   0: 3 0x8000040c (0x01c52e83) x29 0x00000004 mem 0x9005601c
core   1: 0x8000040c (0x01c52e83) lw      x29, 28(x10)
core   1: 3 0x8000040c (0x01c52e83) x29 0x00000004 mem 0x9005601c
core   0: 0x80000410 (0x03ce8eb3) mul     x29, x29, x28
core   0: 3 0x80000410 (0x03ce8eb3) x29 0x00000010
core   1: 0x80000410 (0x03ce8eb3) mul     x29, x29, x28
core   1: 3 0x80000410 (0x03ce8eb3) x29 0x00000010
core   0: 0x80000414 (0x8a0ee057) vremu.vx v0, v0, x29
core   0: 3 0x80000414 (0x8a0ee057) c8_vstart 0x00000000 e32 m1 l8 v0  000000ff 0x00000007 00000006 00000005 00000004 00000003 00000002 00000001 00000000 
core   1: 0x80000414 (0x8a0ee057) vremu.vx v0, v0, x29
core   1: 3 0x80000414 (0x8a0ee057) c8_vstart 0x00000000 e32 m1 l8 v0  000000ff 0x0000000f 0000000e 0000000d 0000000c 0000000b 0000000a 00000009 00000008 
core   0: 0x80000418 (0x820e6057) vdivu.vx v0, v0, x28
core   0: 3 0x80000418 (0x820e6057) c8_vstart 0x00000000 e32 m1 l8 v0  000000ff 0x00000001 00000001 00000001 00000001 00000000 00000000 00000000 00000000 
core   1: 0x80000418 (0x820e6057) vdivu.vx v0, v0, x28
core   1: 3 0x80000418 (0x820e6057) c8_vstart 0x00000000 e32 m1 l8 v0  000000ff 0x00000003 00000003 00000003 00000003 00000002 00000002 00000002 00000002 
core   0: 0x8000041c (0xffc12083) lw      x1, -4(x2)
core   0: 3 0x8000041c (0xffc12083) x1  0x8000049c mem 0x70000018
core   1: 0x8000041c (0xffc12083) lw      x1, -4(x2)
core   1: 3 0x8000041c (0xffc12083) x1  0x8000049c mem 0x70100018
core   0: 0x80000420 (0xffc10113) addi    x2, x2, -4
core   0: 3 0x80000420 (0xffc10113) x2  0x70000018
core   1: 0x80000420 (0xffc10113) addi    x2, x2, -4
core   1: 3 0x80000420 (0xffc10113) x2  0x70100018
core   0: 0x80000424 (0x00008067) ret
core   0: 3 0x80000424 (0x00008067)
core   1: 0x80000424 (0x00008067) ret
core   1: 3 0x80000424 (0x00008067)
core   0: 0x8000049c (0x80902373) csrr    x6, gidy
core   0: 3 0x8000049c (0x80902373) x6  0x00000000
core   1: 0x8000049c (0x80902373) csrr    x6, gidy
core   1: 3 0x8000049c (0x80902373) x6  0x00000000
core   0: 0x800004a0 (0x01c52383) lw      x7, 28(x10)
core   0: 3 0x800004a0 (0x01c52383) x7  0x00000004 mem 0x9005601c
core   1: 0x800004a0 (0x01c52383) lw      x7, 28(x10)
core   1: 3 0x800004a0 (0x01c52383) x7  0x00000004 mem 0x9005601c
core   0: 0x800004a4 (0x02852e83) lw      x29, 40(x10)
core   0: 3 0x800004a4 (0x02852e83) x29 0x00000000 mem 0x90056028
core   1: 0x800004a4 (0x02852e83) lw      x29, 40(x10)
core   1: 3 0x800004a4 (0x02852e83) x29 0x00000000 mem 0x90056028
core   0: 0x800004a8 (0x02730e33) mul     x28, x6, x7
core   0: 3 0x800004a8 (0x02730e33) x28 0x00000000
core   1: 0x800004a8 (0x02730e33) mul     x28, x6, x7
core   1: 3 0x800004a8 (0x02730e33) x28 0x00000000
core   0: 0x800004ac (0x01de0e33) add     x28, x28, x29
core   0: 3 0x800004ac (0x01de0e33) x28 0x00000000
core   1: 0x800004ac (0x01de0e33) add     x28, x28, x29
core   1: 3 0x800004ac (0x01de0e33) x28 0x00000000
core   0: 0x800004b0 (0x020e4057) vadd.vx v0, v0, x28
core   0: 3 0x800004b0 (0x020e4057) c8_vstart 0x00000000 e32 m1 l8 v0  000000ff 0x00000001 00000001 00000001 00000001 00000000 00000000 00000000 00000000 
core   1: 0x800004b0 (0x020e4057) vadd.vx v0, v0, x28
core   1: 3 0x800004b0 (0x020e4057) c8_vstart 0x00000000 e32 m1 l8 v0  000000ff 0x00000003 00000003 00000003 00000003 00000002 00000002 00000002 00000002 
core   0: 0x800004b4 (0xffc12083) lw      x1, -4(x2)
core   0: 3 0x800004b4 (0xffc12083) x1  0x8000030c mem 0x70000014
core   1: 0x800004b4 (0xffc12083) lw      x1, -4(x2)
core   1: 3 0x800004b4 (0xffc12083) x1  0x8000030c mem 0x70100014
core   0: 0x800004b8 (0xffc10113) addi    x2, x2, -4
core   0: 3 0x800004b8 (0xffc10113) x2  0x70000014
core   1: 0x800004b8 (0xffc10113) addi    x2, x2, -4
core   1: 3 0x800004b8 (0xffc10113) x2  0x70100014
core   0: 0x800004bc (0x00008067) ret
core   0: 3 0x800004bc (0x00008067)
core   1: 0x800004bc (0x00008067) ret
core   1: 3 0x800004bc (0x00008067)
core   0: 0x8000030c (0x0080006f) j       pc + 0x8
core   0: 3 0x8000030c (0x0080006f)
core   1: 0x8000030c (0x0080006f) j       pc + 0x8
core   1: 3 0x8000030c (0x0080006f)
core   0: 0x80000314 (0x0000205b) join    v0, v0, pc + 0
core   0: 3 0x80000314 (0x0000205b) current mask:	000000ff current npc:	80000308 stack size: 0
core   1: 0x80000314 (0x0000205b) join    v0, v0, pc + 0
core   1: 3 0x80000314 (0x0000205b) current mask:	000000ff current npc:	80000308 stack size: 0
core   0: 0x80000318 (0xffc12083) lw      x1, -4(x2)
core   0: 3 0x80000318 (0xffc12083) x1  0x800001ac mem 0x70000010
core   1: 0x80000318 (0xffc12083) lw      x1, -4(x2)
core   1: 3 0x80000318 (0xffc12083) x1  0x800001ac mem 0x70100010
core   0: 0x8000031c (0xffc10113) addi    x2, x2, -4
core   0: 3 0x8000031c (0xffc10113) x2  0x70000010
core   1: 0x8000031c (0xffc10113) addi    x2, x2, -4
core   1: 3 0x8000031c (0xffc10113) x2  0x70100010
core   0: 0x80000320 (0x00008067) ret
core   0: 3 0x80000320 (0x00008067)
core   1: 0x80000320 (0x00008067) ret
core   1: 3 0x80000320 (0x00008067)
core   0: 0x800001ac (0xff812403) lw      x8, -8(x2)
core   0: 3 0x800001ac (0xff812403) x8  0x00000002 mem 0x70000008
core   1: 0x800001ac (0xff812403) lw      x8, -8(x2)
core   1: 3 0x800001ac (0xff812403) x8  0x00000002 mem 0x70100008
core   0: 0x800001b0 (0xffc12383) lw      x7, -4(x2)
core   0: 3 0x800001b0 (0xffc12383) x7  0x00000004 mem 0x7000000c
core   1: 0x800001b0 (0xffc12383) lw      x7, -4(x2)
core   1: 3 0x800001b0 (0xffc12383) x7  0x00000004 mem 0x7010000c
core   0: 0x800001b4 (0x5e0040d7) vmv.v.x v1, x0
core   0: 3 0x800001b4 (0x5e0040d7) c8_vstart 0x00000000 e32 m1 l8 v1  000000ff 0x00000000 00000000 00000000 00000000 00000000 00000000 00000000 00000000 
core   1: 0x800001b4 (0x5e0040d7) vmv.v.x v1, x0
core   1: 3 0x800001b4 (0x5e0040d7) c8_vstart 0x00000000 e32 m1 l8 v1  000000ff 0x00000000 00000000 00000000 00000000 00000000 00000000 00000000 00000000 
core   0: 0x800001b8 (0xfff44293) not     x5, x8
core   0: 3 0x800001b8 (0xfff44293) x5  0xfffffffd
core   1: 0x800001b8 (0xfff44293) not     x5, x8
core   1: 3 0x800001b8 (0xfff44293) x5  0xfffffffd
core   0: 0x800001bc (0x007282b3) add     x5, x5, x7
core   0: 3 0x800001bc (0x007282b3) x5  0x00000001
core   1: 0x800001bc (0x007282b3) add     x5, x5, x7
core   1: 3 0x800001bc (0x007282b3) x5  0x00000001
core   0: 0x800001c0 (0x0400200b) regext  x0, x0,  0 1 0 0 
core   0: 3 0x800001c0 (0x0400200b)
core   1: 0x800001c0 (0x0400200b) regext  x0, x0,  0 1 0 0 
core   1: 3 0x800001c0 (0x0400200b)
core   0: 0x800001c4 (0x6e12c157) vmslt.vx v2, v1, x5
core   0: 3 0x800001c4 (0x6e12c157) c8_vstart 0x00000000 e32 m1 l8 v2  000000ff 0x00000000 00000000 00000000 00000001 00000000 00000000 00000000 00000001 
core   1: 0x800001c4 (0x6e12c157) vmslt.vx v2, v1, x5
core   1: 3 0x800001c4 (0x6e12c157) c8_vstart 0x00000000 e32 m1 l8 v2  000000ff 0x00000000 00000000 00000000 00000001 00000000 00000000 00000000 00000001 
core   0: 0x800001c8 (0x408382b3) sub     x5, x7, x8
core   0: 3 0x800001c8 (0x408382b3) x5  0x00000002
core   1: 0x800001c8 (0x408382b3) sub     x5, x7, x8
core   1: 3 0x800001c8 (0x408382b3) x5  0x00000002
core   0: 0x800001cc (0x6e02c1d7) vmslt.vx v3, v0, x5
core   0: 3 0x800001cc (0x6e02c1d7) c8_vstart 0x00000000 e32 m1 l8 v3  000000ff 0x00000001 00000001 00000001 00000001 00000001 00000001 00000001 00000001 
core   1: 0x800001cc (0x6e02c1d7) vmslt.vx v3, v0, x5
core   1: 3 0x800001cc (0x6e02c1d7) c8_vstart 0x00000000 e32 m1 l8 v3  000000ff 0x00000000 00000000 00000000 00000000 00000000 00000000 00000000 00000000 
core   0: 0x800001d0 (0x26218157) vand.vv v2, v2, v3
core   0: 3 0x800001d0 (0x26218157) c8_vstart 0x00000000 e32 m1 l8 v2  000000ff 0x00000000 00000000 00000000 00000001 00000000 00000000 00000000 00000001 
core   1: 0x800001d0 (0x26218157) vand.vv v2, v2, v3
core   1: 3 0x800001d0 (0x26218157) c8_vstart 0x00000000 e32 m1 l8 v2  000000ff 0x00000000 00000000 00000000 00000000 00000000 00000000 00000000 00000000 
core   0: 0x800001d4 (0x00000317) auipc   x6, 0x0
core   0: 3 0x800001d4 (0x00000317) x6  0x800001d4
core   1: 0x800001d4 (0x00000317) auipc   x6, 0x0
core   1: 3 0x800001d4 (0x00000317) x6  0x800001d4
core   0: 0x800001d8 (0x0c83305b) setrpc  x0, x6, 200
core   0: 3 0x800001d8 (0x0c83305b) c2060_rpc 0x8000029c current mask:	000000ff current npc:	80000308 stack size: 0
core   1: 0x800001d8 (0x0c83305b) setrpc  x0, x6, 200
core   1: 3 0x800001d8 (0x0c83305b) c2060_rpc 0x8000029c current mask:	000000ff current npc:	80000308 stack size: 0
core   0: 0x800001dc (0x0c20805b) vbeq    v2, v1, pc + 192
core   0: 3 0x800001dc (0x0c20805b) c8_vstart 0x00000000 e32 m1 l8 current mask:	00000011 current npc:	800001e0 stack size: 2
[r_pc] 8000029c [else_pc] 8000029c [else_mask] 000000ee 
[r_pc] 8000029c [else_pc] 8000029c [else_mask] 000000ff 
core   1: 0x800001dc (0x0c20805b) vbeq    v2, v1, pc + 192
core   1: 3 0x800001dc (0x0c20805b) c8_vstart 0x00000000 e32 m1 l8 current mask:	000000ff current npc:	8000029c stack size: 0
core   0: 0x800001e0 (0xff412303) lw      x6, -12(x2)
core   0: 3 0x800001e0 (0xff412303) x6  0x90045000 mem 0x70000004
core   1: 0x8000029c (0x0000205b) join    v0, v0, pc + 0
core   1: 3 0x8000029c (0x0000205b) current mask:	000000ff current npc:	8000029c stack size: 0
core   0: 0x800001e4 (0x00432283) lw      x5, 4(x6)
core   0: 3 0x800001e4 (0x00432283) x5  0x90000000 mem 0x90045004
core   1: 0x800002a0 (0xff012083) lw      x1, -16(x2)
core   1: 3 0x800002a0 (0xff012083) x1  0x80000094 mem 0x70100000
core   0: 0x800001e8 (0x00032303) lw      x6, 0(x6)
core   0: 3 0x800001e8 (0x00032303) x6  0x90002000 mem 0x90045000
core   1: 0x800002a4 (0x0090200b) regext  x0, x0,  0 0 1 1 
core   1: 3 0x800002a4 (0x0090200b)
core   0: 0x800001ec (0x5e0440d7) vmv.v.x v1, x8
core   0: 3 0x800001ec (0x5e0440d7) c8_vstart 0x00000000 e32 m1 l8 v1  00000011 0x00000000 00000000 00000000 00000002 00000000 00000000 00000000 00000002 
core   1: 0x800002a8 (0x7fc020ab) vlw.v   v1, x0, -4
core   1: 3 0x800002a8 (0x7fc020ab) e32 m1 l8 v33 000000ff 0x00000000 00000000 00000000 00000000 00000000 00000000 00000000 00000000  c8_vstart 0x00000000 mem 0x90046020 mem 0x90046024 mem 0x90046028 mem 0x9004602c mem 0x90046030 mem 0x90046034 mem 0x90046038 mem 0x9004603c
core   0: 0x800001f0 (0x5e03c257) vmv.v.x v4, x7
core   0: 3 0x800001f0 (0x5e03c257) c8_vstart 0x00000000 e32 m1 l8 v4  00000011 0x00000000 00000000 00000000 00000004 00000000 00000000 00000000 00000004 
core   1: 0x800002ac (0xff010113) addi    x2, x2, -16
core   1: 3 0x800002ac (0xff010113) x2  0x70100000
core   0: 0x800001f4 (0x5e02c2d7) vmv.v.x v5, x5
core   0: 3 0x800001f4 (0x5e02c2d7) c8_vstart 0x00000000 e32 m1 l8 v5  00000011 0x00000000 00000000 00000000 90000000 00000000 00000000 00000000 90000000 
core   1: 0x800002b0 (0xffc20213) addi    x4, x4, -4
core   1: 3 0x800002b0 (0xffc20213) x4  0x00000000
core   0: 0x800001f8 (0x5e0341d7) vmv.v.x v3, x6
core   0: 3 0x800001f8 (0x5e0341d7) c8_vstart 0x00000000 e32 m1 l8 v3  00000011 0x00000001 00000001 00000001 90002000 00000001 00000001 00000001 90002000 
core   1: 0x800002b4 (0x00008067) ret
core   1: 3 0x800002b4 (0x00008067)
core   0: 0x800001fc (0x0080200b) regext  x0, x0,  0 0 1 0 
core   0: 3 0x800001fc (0x0080200b)
core   1: 0x80000094 (0x0000400b) endprg  x0, x0, x0
core   1: 3 0x80000094 (0x0000400b)
core   0: 0x80000200 (0x02108157) vadd.vv v2, v1, v1
core   0: 3 0x80000200 (0x02108157) c8_vstart 0x00000000 e32 m1 l8 v2  00000011 0x00000000 00000000 00000000 00000002 00000000 00000000 00000000 00000002 
core   0: 0x80000204 (0x0220b157) vadd.vi v2, v2, 1
core   0: 3 0x80000204 (0x0220b157) c8_vstart 0x00000000 e32 m1 l8 v2  00000011 0x00000000 00000000 00000000 00000003 00000000 00000000 00000000 00000003 
core   0: 0x80000208 (0x02204357) vadd.vx v6, v2, x0
core   0: 3 0x80000208 (0x02204357) c8_vstart 0x00000000 e32 m1 l8 v6  00000011 0x00000000 00000000 00000000 00000003 00000000 00000000 00000000 00000003 
core   0: 0x8000020c (0xa6122357) vmadd.vv v6, v1, v4
core   0: 3 0x8000020c (0xa6122357) c8_vstart 0x00000000 e32 m1 l8 v6  00000011 0x00000000 00000000 00000000 0000000e 00000000 00000000 00000000 0000000e 
core   0: 0x80000210 (0x96613357) vsll.vi v6, v6, 2
core   0: 3 0x80000210 (0x96613357) c8_vstart 0x00000000 e32 m1 l8 v6  00000011 0x00000000 00000000 00000000 00000038 00000000 00000000 00000000 00000038 
core   0: 0x80000214 (0x02330357) vadd.vv v6, v3, v6
core   0: 3 0x80000214 (0x02330357) c8_vstart 0x00000000 e32 m1 l8 v6  00000011 0x00000000 00000000 00000000 90002038 00000000 00000000 00000000 90002038 
core   0: 0x80000218 (0x0003237b) vlw12.v v6, v6, 0
core   0: 3 0x80000218 (0x0003237b) e32 m1 l8 v6  00000011 0x00000000 00000000 00000000 be8d0fac 00000000 00000000 00000000 be8d0fac  c8_vstart 0x00000000 mem 0x90002038 mem 0x90002038
core   0: 0x8000021c (0x020083d7) vadd.vv v7, v0, v1
core   0: 3 0x8000021c (0x020083d7) c8_vstart 0x00000000 e32 m1 l8 v7  00000011 0x00000000 00000000 00000000 00000003 00000000 00000000 00000000 00000002 
core   0: 0x80000220 (0x5e044457) vmv.v.x v8, x8
core   0: 3 0x80000220 (0x5e044457) c8_vstart 0x00000000 e32 m1 l8 v8  00000011 0x00000000 00000000 00000000 00000002 00000000 00000000 00000000 00000002 
core   0: 0x80000224 (0xa6722457) vmadd.vv v8, v7, v4
core   0: 3 0x80000224 (0xa6722457) c8_vstart 0x00000000 e32 m1 l8 v8  00000011 0x00000000 00000000 00000000 0000000b 00000000 00000000 00000000 0000000a 
core   0: 0x80000228 (0x96813457) vsll.vi v8, v8, 2
core   0: 3 0x80000228 (0x96813457) c8_vstart 0x00000000 e32 m1 l8 v8  00000011 0x00000000 00000000 00000000 0000002c 00000000 00000000 00000000 00000028 
core   0: 0x8000022c (0x02540457) vadd.vv v8, v5, v8
core   0: 3 0x8000022c (0x02540457) c8_vstart 0x00000000 e32 m1 l8 v8  00000011 0x00000000 00000000 00000000 9000002c 00000000 00000000 00000000 90000028 
core   0: 0x80000230 (0x0004247b) vlw12.v v8, v8, 0
core   0: 3 0x80000230 (0x0004247b) e32 m1 l8 v8  00000011 0x00000000 00000000 00000000 bf920d21 00000000 00000000 00000000 bf40fc10  c8_vstart 0x00000000 mem 0x90000028 mem 0x9000002c
core   0: 0x80000234 (0x022044d7) vadd.vx v9, v2, x0
core   0: 3 0x80000234 (0x022044d7) c8_vstart 0x00000000 e32 m1 l8 v9  00000011 0x00000000 00000000 00000000 00000003 00000000 00000000 00000000 00000003 
core   0: 0x80000238 (0xa67224d7) vmadd.vv v9, v7, v4
core   0: 3 0x80000238 (0xa67224d7) c8_vstart 0x00000000 e32 m1 l8 v9  00000011 0x00000000 00000000 00000000 0000000f 00000000 00000000 00000000 0000000e 
core   0: 0x8000023c (0x96913257) vsll.vi v4, v9, 2
core   0: 3 0x8000023c (0x96913257) c8_vstart 0x00000000 e32 m1 l8 v4  00000011 0x00000000 00000000 00000000 0000003c 00000000 00000000 00000000 00000038 
core   0: 0x80000240 (0x025202d7) vadd.vv v5, v5, v4
core   0: 3 0x80000240 (0x025202d7) c8_vstart 0x00000000 e32 m1 l8 v5  00000011 0x00000000 00000000 00000000 9000003c 00000000 00000000 00000000 90000038 
core   0: 0x80000244 (0x0002a3fb) vlw12.v v7, v5, 0
core   0: 3 0x80000244 (0x0002a3fb) e32 m1 l8 v7  00000011 0x00000000 00000000 00000000 3f50bd0b 00000000 00000000 00000000 3e54ad4b  c8_vstart 0x00000000 mem 0x90000038 mem 0x9000003c
core   0: 0x80000248 (0x5e0044d7) vmv.v.x v9, x0
core   0: 3 0x80000248 (0x5e0044d7) c8_vstart 0x00000000 e32 m1 l8 v9  00000011 0x00000000 00000000 00000000 00000000 00000000 00000000 00000000 00000000 
core   0: 0x8000024c (0x26631357) vfsgnjn.vv v6, v6, v6
core   0: 3 0x8000024c (0x26631357) c8_vstart 0x00000000 e32 m1 l8 v6  00000011 0x00000000 00000000 00000000 3e8d0fac 00000000 00000000 00000000 3e8d0fac 
core   0: 0x80000250 (0xa2741357) vfmadd.vv v6, v7, v8
core   0: 3 0x80000250 (0xa2741357) c8_vstart 0x00000000 c1_fflags 0x00000001 e32 m1 l8 v6  00000011 0x00000000 00000000 00000000 3f0042df 00000000 00000000 00000000 32036a80 
core   0: 0x80000254 (0x0062e07b) vsw12.v v6, v5, 0
core   0: 3 0x80000254 (0x0062e07b) c8_vstart 0x00000000 e32 m1 l8 mem 0x90000038 0x32036a80 mem 0x9000003c 0x3f0042df
core   0: 0x80000258 (0x00000317) auipc   x6, 0x0
core   0: 3 0x80000258 (0x00000317) x6  0x80000258
core   0: 0x8000025c (0x0443305b) setrpc  x0, x6, 68
core   0: 3 0x8000025c (0x0443305b) c2060_rpc 0x8000029c current mask:	00000011 current npc:	800001e0 stack size: 2
[r_pc] 8000029c [else_pc] 8000029c [else_mask] 000000ee 
[r_pc] 8000029c [else_pc] 8000029c [else_mask] 000000ff 
core   0: 0x80000260 (0x02049e5b) vbne    v0, v9, pc + 60
core   0: 3 0x80000260 (0x02049e5b) c8_vstart 0x00000000 e32 m1 l8 current mask:	00000010 current npc:	8000029c stack size: 4
[r_pc] 8000029c [else_pc] 80000264 [else_mask] 00000001 
[r_pc] 8000029c [else_pc] 8000029c [else_mask] 00000011 
[r_pc] 8000029c [else_pc] 8000029c [else_mask] 000000ee 
[r_pc] 8000029c [else_pc] 8000029c [else_mask] 000000ff 
core   0: 0x8000029c (0x0000205b) join    v0, v0, pc + 0
core   0: 3 0x8000029c (0x0000205b) current mask:	00000001 current npc:	80000264 stack size: 3
[r_pc] 8000029c [else_pc] 8000029c [else_mask] 00000011 
[r_pc] 8000029c [else_pc] 8000029c [else_mask] 000000ee 
[r_pc] 8000029c [else_pc] 8000029c [else_mask] 000000ff 
core   0: 0x80000264 (0xff412283) lw      x5, -12(x2)
core   0: 3 0x80000264 (0xff412283) x5  0x90045000 mem 0x70000004
core   0: 0x80000268 (0x0082a283) lw      x5, 8(x5)
core   0: 3 0x80000268 (0x0082a283) x5  0x90001000 mem 0x90045008
core   0: 0x8000026c (0x5e02c057) vmv.v.x v0, x5
core   0: 3 0x8000026c (0x5e02c057) c8_vstart 0x00000000 e32 m1 l8 v0  00000001 0x00000001 00000001 00000001 00000001 00000000 00000000 00000000 90001000 
core   0: 0x80000270 (0x024181d7) vadd.vv v3, v4, v3
core   0: 3 0x80000270 (0x024181d7) c8_vstart 0x00000000 e32 m1 l8 v3  00000001 0x00000001 00000001 00000001 90002000 00000001 00000001 00000001 90002038 
core   0: 0x80000274 (0x0001a1fb) vlw12.v v3, v3, 0
core   0: 3 0x80000274 (0x0001a1fb) e32 m1 l8 v3  00000001 0x00000001 00000001 00000001 90002000 00000001 00000001 00000001 be8d0fac  c8_vstart 0x00000000 mem 0x90002038
core   0: 0x80000278 (0x961130d7) vsll.vi v1, v1, 2
core   0: 3 0x80000278 (0x961130d7) c8_vstart 0x00000000 e32 m1 l8 v1  00000001 0x00000000 00000000 00000000 00000002 00000000 00000000 00000000 00000008 
core   0: 0x8000027c (0x020080d7) vadd.vv v1, v0, v1
core   0: 3 0x8000027c (0x020080d7) c8_vstart 0x00000000 e32 m1 l8 v1  00000001 0x00000000 00000000 00000000 00000002 00000000 00000000 00000000 90001008 
core   0: 0x80000280 (0x0000a0fb) vlw12.v v1, v1, 0
core   0: 3 0x80000280 (0x0000a0fb) e32 m1 l8 v1  00000001 0x00000000 00000000 00000000 00000002 00000000 00000000 00000000 3f5f3ec1  c8_vstart 0x00000000 mem 0x90001008
core   0: 0x80000284 (0x96213157) vsll.vi v2, v2, 2
core   0: 3 0x80000284 (0x96213157) c8_vstart 0x00000000 e32 m1 l8 v2  00000001 0x00000000 00000000 00000000 00000003 00000000 00000000 00000000 0000000c 
core   0: 0x80000288 (0x02010057) vadd.vv v0, v0, v2
core   0: 3 0x80000288 (0x02010057) c8_vstart 0x00000000 e32 m1 l8 v0  00000001 0x00000001 00000001 00000001 00000001 00000000 00000000 00000000 9000100c 
core   0: 0x8000028c (0x0000217b) vlw12.v v2, v0, 0
core   0: 3 0x8000028c (0x0000217b) e32 m1 l8 v2  00000001 0x00000000 00000000 00000000 00000003 00000000 00000000 00000000 befb461a  c8_vstart 0x00000000 mem 0x9000100c
core   0: 0x80000290 (0x263191d7) vfsgnjn.vv v3, v3, v3
core   0: 3 0x80000290 (0x263191d7) c8_vstart 0x00000000 e32 m1 l8 v3  00000001 0x00000001 00000001 00000001 90002000 00000001 00000001 00000001 3e8d0fac 
core   0: 0x80000294 (0xa22091d7) vfmadd.vv v3, v2, v1
core   0: 3 0x80000294 (0xa22091d7) c8_vstart 0x00000000 c1_fflags 0x00000001 e32 m1 l8 v3  00000001 0x00000001 00000001 00000001 90002000 00000001 00000001 00000001 be8042df 
core   0: 0x80000298 (0x0030607b) vsw12.v v3, v0, 0
core   0: 3 0x80000298 (0x0030607b) c8_vstart 0x00000000 e32 m1 l8 mem 0x9000100c 0xbe8042df
core   0: 0x8000029c (0x0000205b) join    v0, v0, pc + 0
core   0: 3 0x8000029c (0x0000205b) current mask:	00000011 current npc:	8000029c stack size: 2
[r_pc] 8000029c [else_pc] 8000029c [else_mask] 000000ee 
[r_pc] 8000029c [else_pc] 8000029c [else_mask] 000000ff 
core   0: 3 0x8000029c (0x0000205b) current mask:	000000ee current npc:	8000029c stack size: 1
[r_pc] 8000029c [else_pc] 8000029c [else_mask] 000000ff 
core   0: 3 0x8000029c (0x0000205b) current mask:	000000ff current npc:	8000029c stack size: 0
core   0: 3 0x8000029c (0x0000205b) current mask:	000000ff current npc:	8000029c stack size: 0
core   0: Executed 4 times
core   0: 0x800002a0 (0xff012083) lw      x1, -16(x2)
core   0: 3 0x800002a0 (0xff012083) x1  0x80000094 mem 0x70000000
core   0: 0x800002a4 (0x0090200b) regext  x0, x0,  0 0 1 1 
core   0: 3 0x800002a4 (0x0090200b)
core   0: 0x800002a8 (0x7fc020ab) vlw.v   v1, x0, -4
core   0: 3 0x800002a8 (0x7fc020ab) e32 m1 l8 v33 000000ff 0x00000000 00000000 00000000 00000000 00000000 00000000 00000000 00000000  c8_vstart 0x00000000 mem 0x90046000 mem 0x90046004 mem 0x90046008 mem 0x9004600c mem 0x90046010 mem 0x90046014 mem 0x90046018 mem 0x9004601c
core   0: 0x800002ac (0xff010113) addi    x2, x2, -16
core   0: 3 0x800002ac (0xff010113) x2  0x70000000
core   0: 0x800002b0 (0xffc20213) addi    x4, x4, -4
core   0: 3 0x800002b0 (0xffc20213) x4  0x00000000
core   0: 0x800002b4 (0x00008067) ret
core   0: 3 0x800002b4 (0x00008067)
core   0: 0x80000094 (0x0000400b) endprg  x0, x0, x0
core   0: 3 0x80000094 (0x0000400b)
core   0: 0x80000098 (0x0040006f) j       pc + 0x4
core   0: 3 0x80000098 (0x0040006f)
core   0: 0x8000009c (0x00100313) li      x6, 1
core   0: 3 0x8000009c (0x00100313) x6  0x00000001
core   0: 0x800000a0 (0x00001297) auipc   x5, 0x1
core   0: 3 0x800000a0 (0x00001297) x5  0x800010a0
core   0: 0x800000a4 (0xf6028293) addi    x5, x5, -160
core   0: 3 0x800000a4 (0xf6028293) x5  0x80001000
core   0: 0x800000a8 (0x0062a023) sw      x6, 0(x5)
core   0: 3 0x800000a8 (0x0062a023) mem 0x80001000 0x00000001
